This file contains any messages produced by compilers while
running configure, to aid debugging if configure makes a mistake.

It was created by Libint2 configure 2.4.0, which was
generated by GNU Autoconf 2.69.  Invocation command line was

  $ /home/nvpopov/work/qpp/deps/libint/configure --with-cxx=/usr/bin/c++

## --------- ##
## Platform. ##
## --------- ##

hostname = nvpopov-MS-7693
uname -m = x86_64
uname -r = 4.10.0-26-generic
uname -s = Linux
uname -v = #30-Ubuntu SMP Tue Jun 27 09:30:12 UTC 2017

/usr/bin/uname -p = unknown
/bin/uname -X     = unknown

/bin/arch              = unknown
/usr/bin/arch -k       = unknown
/usr/convex/getsysinfo = unknown
/usr/bin/hostinfo      = unknown
/bin/machine           = unknown
/usr/bin/oslevel       = unknown
/bin/universe          = unknown

PATH: /home/nvpopov/bin
PATH: /home/nvpopov/.local/bin
PATH: /usr/local/sbin
PATH: /usr/local/bin
PATH: /usr/sbin
PATH: /usr/bin
PATH: /sbin
PATH: /bin
PATH: /usr/games
PATH: /usr/local/games
PATH: /snap/bin


## ----------- ##
## Core tests. ##
## ----------- ##

configure:2531: checking build system type
configure:2545: result: x86_64-pc-linux-gnu
configure:2565: checking host system type
configure:2578: result: x86_64-pc-linux-gnu
configure:2598: checking target system type
configure:2611: result: x86_64-pc-linux-gnu
configure:2825: result: Using standard ordering of solid harmonic Gaussians
configure:2853: checking whether make sets $(MAKE)
configure:2875: result: yes
configure:2898: checking for a BSD-compatible install
configure:2966: result: /usr/bin/install -c
configure:3020: checking for ranlib
configure:3036: found /usr/bin/ranlib
configure:3047: result: ranlib
configure:3232: checking for C++ compiler version
configure:3241: /usr/bin/c++ --version >&5
c++ (Ubuntu 6.3.0-12ubuntu2) 6.3.0 20170406
Copyright (C) 2016 Free Software Foundation, Inc.
This is free software; see the source for copying conditions.  There is NO
warranty; not even for MERCHANTABILITY or FITNESS FOR A PARTICULAR PURPOSE.

configure:3252: $? = 0
configure:3241: /usr/bin/c++ -v >&5
Using built-in specs.
COLLECT_GCC=/usr/bin/c++
COLLECT_LTO_WRAPPER=/usr/lib/gcc/x86_64-linux-gnu/6/lto-wrapper
Target: x86_64-linux-gnu
Configured with: ../src/configure -v --with-pkgversion='Ubuntu 6.3.0-12ubuntu2' --with-bugurl=file:///usr/share/doc/gcc-6/README.Bugs --enable-languages=c,ada,c++,java,go,d,fortran,objc,obj-c++ --prefix=/usr --program-suffix=-6 --program-prefix=x86_64-linux-gnu- --enable-shared --enable-linker-build-id --libexecdir=/usr/lib --without-included-gettext --enable-threads=posix --libdir=/usr/lib --enable-nls --with-sysroot=/ --enable-clocale=gnu --enable-libstdcxx-debug --enable-libstdcxx-time=yes --with-default-libstdcxx-abi=new --enable-gnu-unique-object --disable-vtable-verify --enable-libmpx --enable-plugin --enable-default-pie --with-system-zlib --disable-browser-plugin --enable-java-awt=gtk --enable-gtk-cairo --with-java-home=/usr/lib/jvm/java-1.5.0-gcj-6-amd64/jre --enable-java-home --with-jvm-root-dir=/usr/lib/jvm/java-1.5.0-gcj-6-amd64 --with-jvm-jar-dir=/usr/lib/jvm-exports/java-1.5.0-gcj-6-amd64 --with-arch-directory=amd64 --with-ecj-jar=/usr/share/java/eclipse-ecj.jar --with-target-system-zlib --enable-objc-gc=auto --enable-multiarch --disable-werror --with-arch-32=i686 --with-abi=m64 --with-multilib-list=m32,m64,mx32 --enable-multilib --with-tune=generic --enable-checking=release --build=x86_64-linux-gnu --host=x86_64-linux-gnu --target=x86_64-linux-gnu
Thread model: posix
gcc version 6.3.0 20170406 (Ubuntu 6.3.0-12ubuntu2) 
configure:3252: $? = 0
configure:3241: /usr/bin/c++ -V >&5
c++: error: unrecognized command line option '-V'
c++: fatal error: no input files
compilation terminated.
configure:3252: $? = 1
configure:3241: /usr/bin/c++ -qversion >&5
c++: error: unrecognized command line option '-qversion'; did you mean '--version'?
c++: fatal error: no input files
compilation terminated.
configure:3252: $? = 1
configure:3272: checking whether the C++ compiler works
configure:3294: /usr/bin/c++    conftest.cpp  >&5
configure:3298: $? = 0
configure:3346: result: yes
configure:3349: checking for C++ compiler default output file name
configure:3351: result: a.out
configure:3357: checking for suffix of executables
configure:3364: /usr/bin/c++ -o conftest    conftest.cpp  >&5
configure:3368: $? = 0
configure:3390: result: 
configure:3412: checking whether we are cross compiling
configure:3420: /usr/bin/c++ -o conftest    conftest.cpp  >&5
configure:3424: $? = 0
configure:3431: ./conftest
configure:3435: $? = 0
configure:3450: result: no
configure:3455: checking for suffix of object files
configure:3477: /usr/bin/c++ -c   conftest.cpp >&5
configure:3481: $? = 0
configure:3502: result: o
configure:3506: checking whether we are using the GNU C++ compiler
configure:3525: /usr/bin/c++ -c   conftest.cpp >&5
configure:3525: $? = 0
configure:3534: result: yes
configure:3543: checking whether /usr/bin/c++ accepts -g
configure:3563: /usr/bin/c++ -c -g  conftest.cpp >&5
configure:3563: $? = 0
configure:3604: result: yes
configure:3632: checking how to run the C++ preprocessor
configure:3659: /usr/bin/c++ -E  conftest.cpp
configure:3659: $? = 0
configure:3673: /usr/bin/c++ -E  conftest.cpp
conftest.cpp:12:28: fatal error: ac_nonexistent.h: No such file or directory
 #include <ac_nonexistent.h>
                            ^
compilation terminated.
configure:3673: $? = 1
configure: failed program was:
| /* confdefs.h */
| #define PACKAGE_NAME "Libint2"
| #define PACKAGE_TARNAME "libint2"
| #define PACKAGE_VERSION "2.4.0"
| #define PACKAGE_STRING "Libint2 2.4.0"
| #define PACKAGE_BUGREPORT "libint@valeyev.net"
| #define PACKAGE_URL ""
| #define LIBINT2_BUILDID "beta.2"
| #define LIBINT2_VERSION "2.4.0-beta.2"
| #define LIBINT_SHGSHELL_ORDERING 1
| /* end confdefs.h.  */
| #include <ac_nonexistent.h>
configure:3698: result: /usr/bin/c++ -E
configure:3718: /usr/bin/c++ -E  conftest.cpp
configure:3718: $? = 0
configure:3732: /usr/bin/c++ -E  conftest.cpp
conftest.cpp:12:28: fatal error: ac_nonexistent.h: No such file or directory
 #include <ac_nonexistent.h>
                            ^
compilation terminated.
configure:3732: $? = 1
configure: failed program was:
| /* confdefs.h */
| #define PACKAGE_NAME "Libint2"
| #define PACKAGE_TARNAME "libint2"
| #define PACKAGE_VERSION "2.4.0"
| #define PACKAGE_STRING "Libint2 2.4.0"
| #define PACKAGE_BUGREPORT "libint@valeyev.net"
| #define PACKAGE_URL ""
| #define LIBINT2_BUILDID "beta.2"
| #define LIBINT2_VERSION "2.4.0-beta.2"
| #define LIBINT_SHGSHELL_ORDERING 1
| /* end confdefs.h.  */
| #include <ac_nonexistent.h>
configure:3764: checking for ar
configure:3780: found /usr/bin/ar
configure:3791: result: ar
configure:3803: WARNING: C++ optimization options are not given! For optimum performance give CXXFLAGS or use --with-cxx-optflags configure option
configure:3861: checking CXX for general C++11 support
configure:3890: /usr/bin/c++ -c  -O2 -DNDEBUG   conftest.cpp >&5
configure:3890: $? = 0
configure:3894: result: yes
configure:3962: checking for grep that handles long lines and -e
configure:4020: result: /bin/grep
configure:4025: checking for egrep
configure:4087: result: /bin/grep -E
configure:4092: checking for ANSI C header files
configure:4112: /usr/bin/c++ -c  -O2 -DNDEBUG   conftest.cpp >&5
configure:4112: $? = 0
configure:4185: /usr/bin/c++ -o conftest  -O2 -DNDEBUG    conftest.cpp  >&5
configure:4185: $? = 0
configure:4185: ./conftest
configure:4185: $? = 0
configure:4196: result: yes
configure:4209: checking for sys/types.h
configure:4209: /usr/bin/c++ -c  -O2 -DNDEBUG   conftest.cpp >&5
configure:4209: $? = 0
configure:4209: result: yes
configure:4209: checking for sys/stat.h
configure:4209: /usr/bin/c++ -c  -O2 -DNDEBUG   conftest.cpp >&5
configure:4209: $? = 0
configure:4209: result: yes
configure:4209: checking for stdlib.h
configure:4209: /usr/bin/c++ -c  -O2 -DNDEBUG   conftest.cpp >&5
configure:4209: $? = 0
configure:4209: result: yes
configure:4209: checking for string.h
configure:4209: /usr/bin/c++ -c  -O2 -DNDEBUG   conftest.cpp >&5
configure:4209: $? = 0
configure:4209: result: yes
configure:4209: checking for memory.h
configure:4209: /usr/bin/c++ -c  -O2 -DNDEBUG   conftest.cpp >&5
configure:4209: $? = 0
configure:4209: result: yes
configure:4209: checking for strings.h
configure:4209: /usr/bin/c++ -c  -O2 -DNDEBUG   conftest.cpp >&5
configure:4209: $? = 0
configure:4209: result: yes
configure:4209: checking for inttypes.h
configure:4209: /usr/bin/c++ -c  -O2 -DNDEBUG   conftest.cpp >&5
configure:4209: $? = 0
configure:4209: result: yes
configure:4209: checking for stdint.h
configure:4209: /usr/bin/c++ -c  -O2 -DNDEBUG   conftest.cpp >&5
configure:4209: $? = 0
configure:4209: result: yes
configure:4209: checking for unistd.h
configure:4209: /usr/bin/c++ -c  -O2 -DNDEBUG   conftest.cpp >&5
configure:4209: $? = 0
configure:4209: result: yes
configure:4231: checking Eigen/Core usability
configure:4231: /usr/bin/c++ -c  -O2 -DNDEBUG   conftest.cpp >&5
conftest.cpp:56:22: fatal error: Eigen/Core: No such file or directory
 #include <Eigen/Core>
                      ^
compilation terminated.
configure:4231: $? = 1
configure: failed program was:
| /* confdefs.h */
| #define PACKAGE_NAME "Libint2"
| #define PACKAGE_TARNAME "libint2"
| #define PACKAGE_VERSION "2.4.0"
| #define PACKAGE_STRING "Libint2 2.4.0"
| #define PACKAGE_BUGREPORT "libint@valeyev.net"
| #define PACKAGE_URL ""
| #define LIBINT2_BUILDID "beta.2"
| #define LIBINT2_VERSION "2.4.0-beta.2"
| #define LIBINT_SHGSHELL_ORDERING 1
| #define LIBINT_HAS_CXX11 1
| #define STDC_HEADERS 1
| #define HAVE_SYS_TYPES_H 1
| #define HAVE_SYS_STAT_H 1
| #define HAVE_STDLIB_H 1
| #define HAVE_STRING_H 1
| #define HAVE_MEMORY_H 1
| #define HAVE_STRINGS_H 1
| #define HAVE_INTTYPES_H 1
| #define HAVE_STDINT_H 1
| #define HAVE_UNISTD_H 1
| /* end confdefs.h.  */
| #include <stdio.h>
| #ifdef HAVE_SYS_TYPES_H
| # include <sys/types.h>
| #endif
| #ifdef HAVE_SYS_STAT_H
| # include <sys/stat.h>
| #endif
| #ifdef STDC_HEADERS
| # include <stdlib.h>
| # include <stddef.h>
| #else
| # ifdef HAVE_STDLIB_H
| #  include <stdlib.h>
| # endif
| #endif
| #ifdef HAVE_STRING_H
| # if !defined STDC_HEADERS && defined HAVE_MEMORY_H
| #  include <memory.h>
| # endif
| # include <string.h>
| #endif
| #ifdef HAVE_STRINGS_H
| # include <strings.h>
| #endif
| #ifdef HAVE_INTTYPES_H
| # include <inttypes.h>
| #endif
| #ifdef HAVE_STDINT_H
| # include <stdint.h>
| #endif
| #ifdef HAVE_UNISTD_H
| # include <unistd.h>
| #endif
| #include <Eigen/Core>
configure:4231: result: no
configure:4231: checking Eigen/Core presence
configure:4231: /usr/bin/c++ -E  conftest.cpp
conftest.cpp:23:22: fatal error: Eigen/Core: No such file or directory
 #include <Eigen/Core>
                      ^
compilation terminated.
configure:4231: $? = 1
configure: failed program was:
| /* confdefs.h */
| #define PACKAGE_NAME "Libint2"
| #define PACKAGE_TARNAME "libint2"
| #define PACKAGE_VERSION "2.4.0"
| #define PACKAGE_STRING "Libint2 2.4.0"
| #define PACKAGE_BUGREPORT "libint@valeyev.net"
| #define PACKAGE_URL ""
| #define LIBINT2_BUILDID "beta.2"
| #define LIBINT2_VERSION "2.4.0-beta.2"
| #define LIBINT_SHGSHELL_ORDERING 1
| #define LIBINT_HAS_CXX11 1
| #define STDC_HEADERS 1
| #define HAVE_SYS_TYPES_H 1
| #define HAVE_SYS_STAT_H 1
| #define HAVE_STDLIB_H 1
| #define HAVE_STRING_H 1
| #define HAVE_MEMORY_H 1
| #define HAVE_STRINGS_H 1
| #define HAVE_INTTYPES_H 1
| #define HAVE_STDINT_H 1
| #define HAVE_UNISTD_H 1
| /* end confdefs.h.  */
| #include <Eigen/Core>
configure:4231: result: no
configure:4231: checking for Eigen/Core
configure:4231: result: no
configure:4287: checking GNU c++ library/template flags
configure:4290: result: GNU
configure:4319: checking for ANSI C header files
configure:4423: result: yes
configure:4434: checking limits.h usability
configure:4434: /usr/bin/c++ -c  -O2 -DNDEBUG   conftest.cpp >&5
configure:4434: $? = 0
configure:4434: result: yes
configure:4434: checking limits.h presence
configure:4434: /usr/bin/c++ -E  conftest.cpp
configure:4434: $? = 0
configure:4434: result: yes
configure:4434: checking for limits.h
configure:4434: result: yes
configure:4434: checking for stdint.h
configure:4434: result: yes
configure:4445: checking for size_t
configure:4445: /usr/bin/c++ -c  -O2 -DNDEBUG   conftest.cpp >&5
configure:4445: $? = 0
configure:4445: /usr/bin/c++ -c  -O2 -DNDEBUG   conftest.cpp >&5
conftest.cpp: In function 'int main()':
conftest.cpp:62:20: error: expected primary-expression before ')' token
 if (sizeof ((size_t)))
                    ^
configure:4445: $? = 1
configure: failed program was:
| /* confdefs.h */
| #define PACKAGE_NAME "Libint2"
| #define PACKAGE_TARNAME "libint2"
| #define PACKAGE_VERSION "2.4.0"
| #define PACKAGE_STRING "Libint2 2.4.0"
| #define PACKAGE_BUGREPORT "libint@valeyev.net"
| #define PACKAGE_URL ""
| #define LIBINT2_BUILDID "beta.2"
| #define LIBINT2_VERSION "2.4.0-beta.2"
| #define LIBINT_SHGSHELL_ORDERING 1
| #define LIBINT_HAS_CXX11 1
| #define STDC_HEADERS 1
| #define HAVE_SYS_TYPES_H 1
| #define HAVE_SYS_STAT_H 1
| #define HAVE_STDLIB_H 1
| #define HAVE_STRING_H 1
| #define HAVE_MEMORY_H 1
| #define HAVE_STRINGS_H 1
| #define HAVE_INTTYPES_H 1
| #define HAVE_STDINT_H 1
| #define HAVE_UNISTD_H 1
| #define STDC_HEADERS 1
| #define HAVE_LIMITS_H 1
| #define HAVE_STDINT_H 1
| /* end confdefs.h.  */
| #include <stdio.h>
| #ifdef HAVE_SYS_TYPES_H
| # include <sys/types.h>
| #endif
| #ifdef HAVE_SYS_STAT_H
| # include <sys/stat.h>
| #endif
| #ifdef STDC_HEADERS
| # include <stdlib.h>
| # include <stddef.h>
| #else
| # ifdef HAVE_STDLIB_H
| #  include <stdlib.h>
| # endif
| #endif
| #ifdef HAVE_STRING_H
| # if !defined STDC_HEADERS && defined HAVE_MEMORY_H
| #  include <memory.h>
| # endif
| # include <string.h>
| #endif
| #ifdef HAVE_STRINGS_H
| # include <strings.h>
| #endif
| #ifdef HAVE_INTTYPES_H
| # include <inttypes.h>
| #endif
| #ifdef HAVE_STDINT_H
| # include <stdint.h>
| #endif
| #ifdef HAVE_UNISTD_H
| # include <unistd.h>
| #endif
| int
| main ()
| {
| if (sizeof ((size_t)))
| 	    return 0;
|   ;
|   return 0;
| }
configure:4445: result: yes
configure:4457: checking for posix_memalign
configure:4457: /usr/bin/c++ -o conftest  -O2 -DNDEBUG    conftest.cpp  >&5
configure:4457: $? = 0
configure:4457: result: yes
configure:4599: checking for doxygen
configure:4618: found /usr/bin/doxygen
configure:4630: result: /usr/bin/doxygen
configure:4640: checking for pdflatex
configure:4659: found /usr/bin/pdflatex
configure:4671: result: /usr/bin/pdflatex
configure:4681: checking for pslatex
configure:4700: found /usr/bin/pslatex
configure:4712: result: /usr/bin/pslatex
configure:4722: checking for dvips
configure:4741: found /usr/bin/dvips
configure:4753: result: /usr/bin/dvips
configure:4763: checking for latex
configure:4782: found /usr/bin/latex
configure:4794: result: /usr/bin/latex
configure:4804: checking for latex2html
configure:4838: result: no
configure:4845: checking for bibtex
configure:4864: found /usr/bin/bibtex
configure:4876: result: /usr/bin/bibtex
configure:4888: checking for python
configure:4904: found /usr/bin/python
configure:4915: result: python
configure:4975: checking how to print strings
configure:5002: result: printf
configure:5071: checking for gcc
configure:5087: found /usr/bin/gcc
configure:5098: result: gcc
configure:5327: checking for C compiler version
configure:5336: gcc --version >&5
gcc (Ubuntu 6.3.0-12ubuntu2) 6.3.0 20170406
Copyright (C) 2016 Free Software Foundation, Inc.
This is free software; see the source for copying conditions.  There is NO
warranty; not even for MERCHANTABILITY or FITNESS FOR A PARTICULAR PURPOSE.

configure:5347: $? = 0
configure:5336: gcc -v >&5
Using built-in specs.
COLLECT_GCC=gcc
COLLECT_LTO_WRAPPER=/usr/lib/gcc/x86_64-linux-gnu/6/lto-wrapper
Target: x86_64-linux-gnu
Configured with: ../src/configure -v --with-pkgversion='Ubuntu 6.3.0-12ubuntu2' --with-bugurl=file:///usr/share/doc/gcc-6/README.Bugs --enable-languages=c,ada,c++,java,go,d,fortran,objc,obj-c++ --prefix=/usr --program-suffix=-6 --program-prefix=x86_64-linux-gnu- --enable-shared --enable-linker-build-id --libexecdir=/usr/lib --without-included-gettext --enable-threads=posix --libdir=/usr/lib --enable-nls --with-sysroot=/ --enable-clocale=gnu --enable-libstdcxx-debug --enable-libstdcxx-time=yes --with-default-libstdcxx-abi=new --enable-gnu-unique-object --disable-vtable-verify --enable-libmpx --enable-plugin --enable-default-pie --with-system-zlib --disable-browser-plugin --enable-java-awt=gtk --enable-gtk-cairo --with-java-home=/usr/lib/jvm/java-1.5.0-gcj-6-amd64/jre --enable-java-home --with-jvm-root-dir=/usr/lib/jvm/java-1.5.0-gcj-6-amd64 --with-jvm-jar-dir=/usr/lib/jvm-exports/java-1.5.0-gcj-6-amd64 --with-arch-directory=amd64 --with-ecj-jar=/usr/share/java/eclipse-ecj.jar --with-target-system-zlib --enable-objc-gc=auto --enable-multiarch --disable-werror --with-arch-32=i686 --with-abi=m64 --with-multilib-list=m32,m64,mx32 --enable-multilib --with-tune=generic --enable-checking=release --build=x86_64-linux-gnu --host=x86_64-linux-gnu --target=x86_64-linux-gnu
Thread model: posix
gcc version 6.3.0 20170406 (Ubuntu 6.3.0-12ubuntu2) 
configure:5347: $? = 0
configure:5336: gcc -V >&5
gcc: error: unrecognized command line option '-V'
gcc: fatal error: no input files
compilation terminated.
configure:5347: $? = 1
configure:5336: gcc -qversion >&5
gcc: error: unrecognized command line option '-qversion'; did you mean '--version'?
gcc: fatal error: no input files
compilation terminated.
configure:5347: $? = 1
configure:5351: checking whether we are using the GNU C compiler
configure:5370: gcc -c   conftest.c >&5
configure:5370: $? = 0
configure:5379: result: yes
configure:5388: checking whether gcc accepts -g
configure:5408: gcc -c -g  conftest.c >&5
configure:5408: $? = 0
configure:5449: result: yes
configure:5466: checking for gcc option to accept ISO C89
configure:5529: gcc  -c -g -O2  conftest.c >&5
configure:5529: $? = 0
configure:5542: result: none needed
configure:5562: checking for a sed that does not truncate output
configure:5626: result: /bin/sed
configure:5644: checking for fgrep
configure:5706: result: /bin/grep -F
configure:5741: checking for ld used by gcc
configure:5808: result: /usr/bin/ld
configure:5815: checking if the linker (/usr/bin/ld) is GNU ld
configure:5830: result: yes
configure:5842: checking for BSD- or MS-compatible name lister (nm)
configure:5896: result: /usr/bin/nm -B
configure:6026: checking the name lister (/usr/bin/nm -B) interface
configure:6033: /usr/bin/c++ -c  -O2 -DNDEBUG   conftest.cpp >&5
configure:6036: /usr/bin/nm -B "conftest.o"
configure:6039: output
0000000000000000 B some_variable
configure:6046: result: BSD nm
configure:6049: checking whether ln -s works
configure:6053: result: yes
configure:6061: checking the maximum length of command line arguments
configure:6192: result: 1572864
configure:6240: checking how to convert x86_64-pc-linux-gnu file names to x86_64-pc-linux-gnu format
configure:6280: result: func_convert_file_noop
configure:6287: checking how to convert x86_64-pc-linux-gnu file names to toolchain format
configure:6307: result: func_convert_file_noop
configure:6314: checking for /usr/bin/ld option to reload object files
configure:6321: result: -r
configure:6395: checking for objdump
configure:6411: found /usr/bin/objdump
configure:6422: result: objdump
configure:6454: checking how to recognize dependent libraries
configure:6654: result: pass_all
configure:6739: checking for dlltool
configure:6769: result: no
configure:6799: checking how to associate runtime and link libraries
configure:6826: result: printf %s\n
configure:6950: checking for archiver @FILE support
configure:6967: /usr/bin/c++ -c  -O2 -DNDEBUG   conftest.cpp >&5
configure:6967: $? = 0
configure:6970: ar cru libconftest.a @conftest.lst >&5
ar: `u' modifier ignored since `D' is the default (see `U')
configure:6973: $? = 0
configure:6978: ar cru libconftest.a @conftest.lst >&5
ar: `u' modifier ignored since `D' is the default (see `U')
ar: conftest.o: No such file or directory
configure:6981: $? = 1
configure:6993: result: @
configure:7051: checking for strip
configure:7067: found /usr/bin/strip
configure:7078: result: strip
configure:7150: checking for ranlib
configure:7177: result: ranlib
configure:7254: checking for gawk
configure:7270: found /usr/bin/gawk
configure:7281: result: gawk
configure:7321: checking command to parse /usr/bin/nm -B output from gcc object
configure:7474: /usr/bin/c++ -c  -O2 -DNDEBUG   conftest.cpp >&5
configure:7477: $? = 0
configure:7481: /usr/bin/nm -B conftest.o \| sed -n -e 's/^.*[ ]\([ABCDGIRSTW][ABCDGIRSTW]*\)[ ][ ]*\([_A-Za-z][_A-Za-z0-9]*\)$/\1 \2 \2/p' | sed '/ __gnu_lto/d' \> conftest.nm
configure:7484: $? = 0
configure:7550: /usr/bin/c++ -o conftest  -O2 -DNDEBUG    conftest.cpp conftstm.o >&5
configure:7553: $? = 0
configure:7591: result: ok
configure:7638: checking for sysroot
configure:7668: result: no
configure:7675: checking for a working dd
configure:7713: result: /bin/dd
configure:7717: checking how to truncate binary pipes
configure:7732: result: /bin/dd bs=4096 count=1
configure:7869: /usr/bin/c++ -c  -O2 -DNDEBUG   conftest.cpp >&5
configure:7872: $? = 0
configure:8062: checking for mt
configure:8078: found /bin/mt
configure:8089: result: mt
configure:8112: checking if mt is a manifest tool
configure:8118: mt '-?'
configure:8126: result: no
configure:8800: checking for dlfcn.h
configure:8800: /usr/bin/c++ -c  -O2 -DNDEBUG   conftest.cpp >&5
configure:8800: $? = 0
configure:8800: result: yes
configure:9065: checking for objdir
configure:9080: result: .libs
configure:9344: checking if gcc supports -fno-rtti -fno-exceptions
configure:9362: gcc -c -g -O2  -fno-rtti -fno-exceptions conftest.c >&5
cc1: warning: command line option '-fno-rtti' is valid for C++/ObjC++ but not for C
configure:9366: $? = 0
configure:9379: result: no
configure:9737: checking for gcc option to produce PIC
configure:9744: result: -fPIC -DPIC
configure:9752: checking if gcc PIC flag -fPIC -DPIC works
configure:9770: gcc -c -g -O2  -fPIC -DPIC -DPIC conftest.c >&5
configure:9774: $? = 0
configure:9787: result: yes
configure:9816: checking if gcc static flag -static works
configure:9844: result: yes
configure:9859: checking if gcc supports -c -o file.o
configure:9880: gcc -c -g -O2  -o out/conftest2.o conftest.c >&5
configure:9884: $? = 0
configure:9906: result: yes
configure:9914: checking if gcc supports -c -o file.o
configure:9961: result: yes
configure:9994: checking whether the gcc linker (/usr/bin/ld -m elf_x86_64) supports shared libraries
configure:11253: result: yes
configure:11493: checking dynamic linker characteristics
configure:12074: gcc -o conftest -g -O2   -Wl,-rpath -Wl,/foo conftest.c -lm   >&5
configure:12074: $? = 0
configure:12311: result: GNU/Linux ld.so
configure:12433: checking how to hardcode library paths into programs
configure:12458: result: immediate
configure:13006: checking whether stripping libraries is possible
configure:13011: result: yes
configure:13046: checking if libtool supports shared libraries
configure:13048: result: yes
configure:13051: checking whether to build shared libraries
configure:13076: result: no
configure:13079: checking whether to build static libraries
configure:13083: result: yes
configure:13106: checking how to run the C++ preprocessor
configure:13172: result: /usr/bin/c++ -E
configure:13192: /usr/bin/c++ -E  conftest.cpp
configure:13192: $? = 0
configure:13206: /usr/bin/c++ -E  conftest.cpp
conftest.cpp:31:28: fatal error: ac_nonexistent.h: No such file or directory
 #include <ac_nonexistent.h>
                            ^
compilation terminated.
configure:13206: $? = 1
configure: failed program was:
| /* confdefs.h */
| #define PACKAGE_NAME "Libint2"
| #define PACKAGE_TARNAME "libint2"
| #define PACKAGE_VERSION "2.4.0"
| #define PACKAGE_STRING "Libint2 2.4.0"
| #define PACKAGE_BUGREPORT "libint@valeyev.net"
| #define PACKAGE_URL ""
| #define LIBINT2_BUILDID "beta.2"
| #define LIBINT2_VERSION "2.4.0-beta.2"
| #define LIBINT_SHGSHELL_ORDERING 1
| #define LIBINT_HAS_CXX11 1
| #define STDC_HEADERS 1
| #define HAVE_SYS_TYPES_H 1
| #define HAVE_SYS_STAT_H 1
| #define HAVE_STDLIB_H 1
| #define HAVE_STRING_H 1
| #define HAVE_MEMORY_H 1
| #define HAVE_STRINGS_H 1
| #define HAVE_INTTYPES_H 1
| #define HAVE_STDINT_H 1
| #define HAVE_UNISTD_H 1
| #define STDC_HEADERS 1
| #define HAVE_LIMITS_H 1
| #define HAVE_STDINT_H 1
| #define HAVE_POSIX_MEMALIGN 1
| #define LIBINT2_ALIGN_SIZE 0
| #define LIBINT2_REALTYPE double
| #define HAVE_DLFCN_H 1
| #define LT_OBJDIR ".libs/"
| /* end confdefs.h.  */
| #include <ac_nonexistent.h>
configure:13368: checking for ld used by /usr/bin/c++
configure:13435: result: /usr/bin/ld -m elf_x86_64
configure:13442: checking if the linker (/usr/bin/ld -m elf_x86_64) is GNU ld
configure:13457: result: yes
configure:13512: checking whether the /usr/bin/c++ linker (/usr/bin/ld -m elf_x86_64) supports shared libraries
configure:14585: result: yes
configure:14621: /usr/bin/c++ -c  -O2 -DNDEBUG   conftest.cpp >&5
configure:14624: $? = 0
configure:15105: checking for /usr/bin/c++ option to produce PIC
configure:15112: result: -fPIC -DPIC
configure:15120: checking if /usr/bin/c++ PIC flag -fPIC -DPIC works
configure:15138: /usr/bin/c++ -c  -O2 -DNDEBUG   -fPIC -DPIC -DPIC conftest.cpp >&5
configure:15142: $? = 0
configure:15155: result: yes
configure:15178: checking if /usr/bin/c++ static flag -static works
configure:15206: result: yes
configure:15218: checking if /usr/bin/c++ supports -c -o file.o
configure:15239: /usr/bin/c++ -c  -O2 -DNDEBUG   -o out/conftest2.o conftest.cpp >&5
configure:15243: $? = 0
configure:15265: result: yes
configure:15270: checking if /usr/bin/c++ supports -c -o file.o
configure:15317: result: yes
configure:15347: checking whether the /usr/bin/c++ linker (/usr/bin/ld -m elf_x86_64) supports shared libraries
configure:15387: result: yes
configure:15528: checking dynamic linker characteristics
configure:16273: result: GNU/Linux ld.so
configure:16338: checking how to hardcode library paths into programs
configure:16363: result: immediate
configure:16463: creating ./config.status

## ---------------------- ##
## Running config.status. ##
## ---------------------- ##

This file was extended by Libint2 config.status 2.4.0, which was
generated by GNU Autoconf 2.69.  Invocation command line was

  CONFIG_FILES    = 
  CONFIG_HEADERS  = 
  CONFIG_LINKS    = 
  CONFIG_COMMANDS = 
  $ ./config.status 

on nvpopov-MS-7693

config.status:1154: creating MakeVars
config.status:1154: creating MakeRules
config.status:1154: creating MakeSuffixRules
config.status:1154: creating doc/Makefile
config.status:1154: creating include/libint2/basis.h
config.status:1154: creating libint2.pc
config.status:1154: creating include/libint2/config.h
config.status:1329: include/libint2/config.h is unchanged
config.status:1343: executing libtool commands

## ---------------- ##
## Cache variables. ##
## ---------------- ##

ac_cv_build=x86_64-pc-linux-gnu
ac_cv_c_compiler_gnu=yes
ac_cv_cxx_compiler_gnu=yes
ac_cv_env_CCC_set=
ac_cv_env_CCC_value=
ac_cv_env_CC_set=
ac_cv_env_CC_value=
ac_cv_env_CFLAGS_set=
ac_cv_env_CFLAGS_value=
ac_cv_env_CPPFLAGS_set=
ac_cv_env_CPPFLAGS_value=
ac_cv_env_CXXCPP_set=
ac_cv_env_CXXCPP_value=
ac_cv_env_CXXFLAGS_set=
ac_cv_env_CXXFLAGS_value=
ac_cv_env_CXX_set=
ac_cv_env_CXX_value=
ac_cv_env_LDFLAGS_set=
ac_cv_env_LDFLAGS_value=
ac_cv_env_LIBS_set=
ac_cv_env_LIBS_value=
ac_cv_env_LT_SYS_LIBRARY_PATH_set=
ac_cv_env_LT_SYS_LIBRARY_PATH_value=
ac_cv_env_build_alias_set=
ac_cv_env_build_alias_value=
ac_cv_env_host_alias_set=
ac_cv_env_host_alias_value=
ac_cv_env_target_alias_set=
ac_cv_env_target_alias_value=
ac_cv_func_posix_memalign=yes
ac_cv_header_Eigen_Core=no
ac_cv_header_dlfcn_h=yes
ac_cv_header_inttypes_h=yes
ac_cv_header_limits_h=yes
ac_cv_header_memory_h=yes
ac_cv_header_stdc=yes
ac_cv_header_stdint_h=yes
ac_cv_header_stdlib_h=yes
ac_cv_header_string_h=yes
ac_cv_header_strings_h=yes
ac_cv_header_sys_stat_h=yes
ac_cv_header_sys_types_h=yes
ac_cv_header_unistd_h=yes
ac_cv_host=x86_64-pc-linux-gnu
ac_cv_objext=o
ac_cv_path_BIBTEX=/usr/bin/bibtex
ac_cv_path_DOXYGEN=/usr/bin/doxygen
ac_cv_path_DVIPS=/usr/bin/dvips
ac_cv_path_EGREP='/bin/grep -E'
ac_cv_path_FGREP='/bin/grep -F'
ac_cv_path_GREP=/bin/grep
ac_cv_path_LATEX=/usr/bin/latex
ac_cv_path_PDFLATEX=/usr/bin/pdflatex
ac_cv_path_PSLATEX=/usr/bin/pslatex
ac_cv_path_SED=/bin/sed
ac_cv_path_install='/usr/bin/install -c'
ac_cv_path_lt_DD=/bin/dd
ac_cv_prog_AR=ar
ac_cv_prog_AWK=gawk
ac_cv_prog_CXXCPP='/usr/bin/c++ -E'
ac_cv_prog_PYTHON=python
ac_cv_prog_ac_ct_CC=gcc
ac_cv_prog_ac_ct_MANIFEST_TOOL=mt
ac_cv_prog_ac_ct_OBJDUMP=objdump
ac_cv_prog_ac_ct_RANLIB=ranlib
ac_cv_prog_ac_ct_STRIP=strip
ac_cv_prog_cc_c89=
ac_cv_prog_cc_g=yes
ac_cv_prog_cxx_g=yes
ac_cv_prog_make_make_set=yes
ac_cv_target=x86_64-pc-linux-gnu
ac_cv_type_size_t=yes
lt_cv_ar_at_file=@
lt_cv_deplibs_check_method=pass_all
lt_cv_file_magic_cmd='$MAGIC_CMD'
lt_cv_file_magic_test_file=
lt_cv_ld_reload_flag=-r
lt_cv_nm_interface='BSD nm'
lt_cv_objdir=.libs
lt_cv_path_LD=/usr/bin/ld
lt_cv_path_LDCXX='/usr/bin/ld -m elf_x86_64'
lt_cv_path_NM='/usr/bin/nm -B'
lt_cv_path_mainfest_tool=no
lt_cv_prog_compiler_c_o=yes
lt_cv_prog_compiler_c_o_CXX=yes
lt_cv_prog_compiler_pic='-fPIC -DPIC'
lt_cv_prog_compiler_pic_CXX='-fPIC -DPIC'
lt_cv_prog_compiler_pic_works=yes
lt_cv_prog_compiler_pic_works_CXX=yes
lt_cv_prog_compiler_rtti_exceptions=no
lt_cv_prog_compiler_static_works=yes
lt_cv_prog_compiler_static_works_CXX=yes
lt_cv_prog_gnu_ld=yes
lt_cv_prog_gnu_ldcxx=yes
lt_cv_sharedlib_from_linklib_cmd='printf %s\n'
lt_cv_shlibpath_overrides_runpath=yes
lt_cv_sys_global_symbol_pipe='sed -n -e '\''s/^.*[	 ]\([ABCDGIRSTW][ABCDGIRSTW]*\)[	 ][	 ]*\([_A-Za-z][_A-Za-z0-9]*\)$/\1 \2 \2/p'\'' | sed '\''/ __gnu_lto/d'\'''
lt_cv_sys_global_symbol_to_c_name_address='sed -n -e '\''s/^: \(.*\) .*$/  {"\1", (void *) 0},/p'\'' -e '\''s/^[ABCDGIRSTW][ABCDGIRSTW]* .* \(.*\)$/  {"\1", (void *) \&\1},/p'\'''
lt_cv_sys_global_symbol_to_c_name_address_lib_prefix='sed -n -e '\''s/^: \(.*\) .*$/  {"\1", (void *) 0},/p'\'' -e '\''s/^[ABCDGIRSTW][ABCDGIRSTW]* .* \(lib.*\)$/  {"\1", (void *) \&\1},/p'\'' -e '\''s/^[ABCDGIRSTW][ABCDGIRSTW]* .* \(.*\)$/  {"lib\1", (void *) \&\1},/p'\'''
lt_cv_sys_global_symbol_to_cdecl='sed -n -e '\''s/^T .* \(.*\)$/extern int \1();/p'\'' -e '\''s/^[ABCDGIRSTW][ABCDGIRSTW]* .* \(.*\)$/extern char \1;/p'\'''
lt_cv_sys_global_symbol_to_import=
lt_cv_sys_max_cmd_len=1572864
lt_cv_to_host_file_cmd=func_convert_file_noop
lt_cv_to_tool_file_cmd=func_convert_file_noop
lt_cv_truncate_bin='/bin/dd bs=4096 count=1'

## ----------------- ##
## Output variables. ##
## ----------------- ##

AR='ar'
ARFLAGS='r'
AWK='gawk'
BIBTEX='/usr/bin/bibtex'
BUILDID='beta.2'
CC='gcc'
CFLAGS='-g -O2'
CPPFLAGS=''
CXX='/usr/bin/c++'
CXXCPP='/usr/bin/c++ -E'
CXXDEPENDFLAGS='-M'
CXXDEPENDSUF='none'
CXXFLAGS=' -O2 -DNDEBUG '
DATADIR_ABSOLUTE='NONE/share/libint/2.4.0-beta.2'
DEFS='-DHAVE_CONFIG_H'
DLLTOOL='false'
DOXYGEN='/usr/bin/doxygen'
DSYMUTIL=''
DUMPBIN=''
DVIPS='/usr/bin/dvips'
ECHO_C=''
ECHO_N='-n'
ECHO_T=''
EGREP='/bin/grep -E'
ENABLESHARED='yes'
EXEEXT=''
EXTRADEFINES='-D__COMPILING_LIBINT2=1'
EXTRAINCLUDE=''
FGREP='/bin/grep -F'
GREP='/bin/grep'
INSTALL_DATA='${INSTALL} -m 644'
INSTALL_PROGRAM='${INSTALL}'
INSTALL_SCRIPT='${INSTALL}'
LATEX2HTML=''
LATEX='/usr/bin/latex'
LD='/usr/bin/ld -m elf_x86_64'
LDFLAGS=''
LIBDIRS=''
LIBINT_BUILDID='beta.2'
LIBINT_HAS_CXX11='yes'
LIBINT_HAS_EIGEN=''
LIBINT_MAJOR_VERSION='2'
LIBINT_MICRO_VERSION='0'
LIBINT_MINOR_VERSION='4'
LIBINT_MMM_VERSION='2.4.0'
LIBINT_SO_VERSION='2:2:0'
LIBINT_VERSION='2.4.0-beta.2'
LIBOBJS=''
LIBS='-lm  '
LIBSUF='la'
LIBTOOL='$(SHELL) $(top_builddir)/libtool'
LIPO=''
LN_S='ln -s'
LTLIBOBJS=''
LT_SYS_LIBRARY_PATH=''
MANIFEST_TOOL=':'
NM='/usr/bin/nm -B'
NMEDIT=''
OBJDUMP='objdump'
OBJEXT='o'
OBJSUF='lo'
OTOOL64=''
OTOOL=''
PACKAGE_BUGREPORT='libint@valeyev.net'
PACKAGE_NAME='Libint2'
PACKAGE_STRING='Libint2 2.4.0'
PACKAGE_TARNAME='libint2'
PACKAGE_URL=''
PACKAGE_VERSION='2.4.0'
PATH_SEPARATOR=':'
PDFLATEX='/usr/bin/pdflatex'
PKGCONFIGDIR='$(libdir)/pkgconfig'
PSLATEX='/usr/bin/pslatex'
PYTHON='python'
RANLIB='ranlib'
SED='/bin/sed'
SET_MAKE=''
SHELL='/bin/bash'
STRIP='strip'
ac_ct_AR=''
ac_ct_CC='gcc'
ac_ct_CXX=''
ac_ct_DUMPBIN=''
bindir='${exec_prefix}/bin'
build='x86_64-pc-linux-gnu'
build_alias=''
build_cpu='x86_64'
build_os='linux-gnu'
build_vendor='pc'
datadir='${datarootdir}'
datarootdir='${prefix}/share'
docdir='${datarootdir}/doc/${PACKAGE_TARNAME}'
dvidir='${docdir}'
exec_prefix='${prefix}'
host='x86_64-pc-linux-gnu'
host_alias=''
host_cpu='x86_64'
host_os='linux-gnu'
host_vendor='pc'
htmldir='${docdir}'
includedir='${prefix}/include'
infodir='${datarootdir}/info'
libdir='${exec_prefix}/lib'
libexecdir='${exec_prefix}/libexec'
libintincludedir='${prefix}/include'
localedir='${datarootdir}/locale'
localstatedir='${prefix}/var'
mandir='${datarootdir}/man'
oldincludedir='/usr/include'
pdfdir='${docdir}'
prefix='/usr/local/libint/2.4.0-beta.2'
program_transform_name='s,x,x,'
psdir='${docdir}'
runstatedir='${localstatedir}/run'
sbindir='${exec_prefix}/sbin'
sharedstatedir='${prefix}/com'
sysconfdir='${prefix}/etc'
target='x86_64-pc-linux-gnu'
target_alias=''
target_cpu='x86_64'
target_os='linux-gnu'
target_vendor='pc'

## ----------- ##
## confdefs.h. ##
## ----------- ##

/* confdefs.h */
#define PACKAGE_NAME "Libint2"
#define PACKAGE_TARNAME "libint2"
#define PACKAGE_VERSION "2.4.0"
#define PACKAGE_STRING "Libint2 2.4.0"
#define PACKAGE_BUGREPORT "libint@valeyev.net"
#define PACKAGE_URL ""
#define LIBINT2_BUILDID "beta.2"
#define LIBINT2_VERSION "2.4.0-beta.2"
#define LIBINT_SHGSHELL_ORDERING 1
#define LIBINT_HAS_CXX11 1
#define STDC_HEADERS 1
#define HAVE_SYS_TYPES_H 1
#define HAVE_SYS_STAT_H 1
#define HAVE_STDLIB_H 1
#define HAVE_STRING_H 1
#define HAVE_MEMORY_H 1
#define HAVE_STRINGS_H 1
#define HAVE_INTTYPES_H 1
#define HAVE_STDINT_H 1
#define HAVE_UNISTD_H 1
#define STDC_HEADERS 1
#define HAVE_LIMITS_H 1
#define HAVE_STDINT_H 1
#define HAVE_POSIX_MEMALIGN 1
#define LIBINT2_ALIGN_SIZE 0
#define LIBINT2_REALTYPE double
#define HAVE_DLFCN_H 1
#define LT_OBJDIR ".libs/"

configure: exit 0
